# JRE version: OpenJDK Runtime Environment (8.0_152-b01) (build 1.8.0_152-release-915-b01)
# Java VM: OpenJDK Server VM (25.152-b01 mixed mode windows-x86 )
Heap:
 def new generation   total 32000K, used 6017K [0x11000000, 0x132b0000, 0x26550000)
  eden space 28480K,  11% used [0x11000000, 0x1132c1a0, 0x12bd0000)
  from space 3520K,  78% used [0x12f40000, 0x131f4270, 0x132b0000)
  to   space 3520K,   0% used [0x12bd0000, 0x12bd0000, 0x12f40000)
 tenured generation   total 70912K, used 52127K [0x26550000, 0x2aa90000, 0x51000000)
   the space 70912K,  73% used [0x26550000, 0x29837ca0, 0x29837e00, 0x2aa90000)
 Metaspace       used 43352K, capacity 44618K, committed 44672K, reserved 45440K
GC Heap History (10 events):
Event: 128.298 GC heap before
{Heap before GC invocations=79 (full 4):
 def new generation   total 32000K, used 28480K [0x11000000, 0x132b0000, 0x26550000)
  eden space 28480K, 100% used [0x11000000, 0x12bd0000, 0x12bd0000)
  from space 3520K,   0% used [0x12bd0000, 0x12bd0000, 0x12f40000)
  to   space 3520K,   0% used [0x12f40000, 0x12f40000, 0x132b0000)
 tenured generation   total 70912K, used 42546K [0x26550000, 0x2aa90000, 0x51000000)
   the space 70912K,  59% used [0x26550000, 0x28edcb88, 0x28edcc00, 0x2aa90000)
 Metaspace       used 41355K, capacity 42622K, committed 42624K, reserved 43392K
Event: 128.311 GC heap after
Heap after GC invocations=80 (full 4):
 def new generation   total 32000K, used 1443K [0x11000000, 0x132b0000, 0x26550000)
  eden space 28480K,   0% used [0x11000000, 0x11000000, 0x12bd0000)
  from space 3520K,  41% used [0x12f40000, 0x130a8d48, 0x132b0000)
  to   space 3520K,   0% used [0x12bd0000, 0x12bd0000, 0x12f40000)
 tenured generation   total 70912K, used 42546K [0x26550000, 0x2aa90000, 0x51000000)
   the space 70912K,  59% used [0x26550000, 0x28edcb88, 0x28edcc00, 0x2aa90000)
 Metaspace       used 41355K, capacity 42622K, committed 42624K, reserved 43392K
}
Event: 129.843 GC heap before
{Heap before GC invocations=80 (full 4):
 def new generation   total 32000K, used 29923K [0x11000000, 0x132b0000, 0x26550000)
  eden space 28480K, 100% used [0x11000000, 0x12bd0000, 0x12bd0000)
  from space 3520K,  41% used [0x12f40000, 0x130a8d48, 0x132b0000)
  to   space 3520K,   0% used [0x12bd0000, 0x12bd0000, 0x12f40000)
 tenured generation   total 70912K, used 42546K [0x26550000, 0x2aa90000, 0x51000000)
   the space 70912K,  59% used [0x26550000, 0x28edcb88, 0x28edcc00, 0x2aa90000)
 Metaspace       used 41456K, capacity 42696K, committed 42752K, reserved 43392K
Event: 129.860 GC heap after
Heap after GC invocations=81 (full 4):
 def new generation   total 32000K, used 2024K [0x11000000, 0x132b0000, 0x26550000)
  eden space 28480K,   0% used [0x11000000, 0x11000000, 0x12bd0000)
  from space 3520K,  57% used [0x12bd0000, 0x12dca2b0, 0x12f40000)
  to   space 3520K,   0% used [0x12f40000, 0x12f40000, 0x132b0000)
 tenured generation   total 70912K, used 42546K [0x26550000, 0x2aa90000, 0x51000000)
   the space 70912K,  59% used [0x26550000, 0x28edcb88, 0x28edcc00, 0x2aa90000)
 Metaspace       used 41456K, capacity 42696K, committed 42752K, reserved 43392K
}
Event: 154.383 GC heap before
{Heap before GC invocations=81 (full 4):
 def new generation   total 32000K, used 30504K [0x11000000, 0x132b0000, 0x26550000)
  eden space 28480K, 100% used [0x11000000, 0x12bd0000, 0x12bd0000)
  from space 3520K,  57% used [0x12bd0000, 0x12dca2b0, 0x12f40000)
  to   space 3520K,   0% used [0x12f40000, 0x12f40000, 0x132b0000)
 tenured generation   total 70912K, used 42546K [0x26550000, 0x2aa90000, 0x51000000)
   the space 70912K,  59% used [0x26550000, 0x28edcb88, 0x28edcc00, 0x2aa90000)
 Metaspace       used 42591K, capacity 43834K, committed 43904K, reserved 44416K
Event: 154.420 GC heap after
Heap after GC invocations=82 (full 4):
 def new generation   total 32000K, used 3520K [0x11000000, 0x132b0000, 0x26550000)
  eden space 28480K,   0% used [0x11000000, 0x11000000, 0x12bd0000)
  from space 3520K, 100% used [0x12f40000, 0x132b0000, 0x132b0000)
  to   space 3520K,   0% used [0x12bd0000, 0x12bd0000, 0x12f40000)
 tenured generation   total 70912K, used 44669K [0x26550000, 0x2aa90000, 0x51000000)
   the space 70912K,  62% used [0x26550000, 0x290ef718, 0x290ef800, 0x2aa90000)
 Metaspace       used 42591K, capacity 43834K, committed 43904K, reserved 44416K
}
Event: 156.845 GC heap before
{Heap before GC invocations=82 (full 4):
 def new generation   total 32000K, used 32000K [0x11000000, 0x132b0000, 0x26550000)
  eden space 28480K, 100% used [0x11000000, 0x12bd0000, 0x12bd0000)
  from space 3520K, 100% used [0x12f40000, 0x132b0000, 0x132b0000)
  to   space 3520K,   0% used [0x12bd0000, 0x12bd0000, 0x12f40000)
 tenured generation   total 70912K, used 44669K [0x26550000, 0x2aa90000, 0x51000000)
   the space 70912K,  62% used [0x26550000, 0x290ef718, 0x290ef800, 0x2aa90000)
 Metaspace       used 42695K, capacity 43933K, committed 44032K, reserved 44416K
Event: 156.899 GC heap after
Heap after GC invocations=83 (full 4):
 def new generation   total 32000K, used 3520K [0x11000000, 0x132b0000, 0x26550000)
  eden space 28480K,   0% used [0x11000000, 0x11000000, 0x12bd0000)
  from space 3520K, 100% used [0x12bd0000, 0x12f40000, 0x12f40000)
  to   space 3520K,   0% used [0x12f40000, 0x12f40000, 0x132b0000)
 tenured generation   total 70912K, used 48674K [0x26550000, 0x2aa90000, 0x51000000)
   the space 70912K,  68% used [0x26550000, 0x294d89f8, 0x294d8a00, 0x2aa90000)
 Metaspace       used 42695K, capacity 43933K, committed 44032K, reserved 44416K
}
Event: 158.563 GC heap before
{Heap before GC invocations=83 (full 4):
 def new generation   total 32000K, used 32000K [0x11000000, 0x132b0000, 0x26550000)
  eden space 28480K, 100% used [0x11000000, 0x12bd0000, 0x12bd0000)
  from space 3520K, 100% used [0x12bd0000, 0x12f40000, 0x12f40000)
  to   space 3520K,   0% used [0x12f40000, 0x12f40000, 0x132b0000)
 tenured generation   total 70912K, used 48674K [0x26550000, 0x2aa90000, 0x51000000)
   the space 70912K,  68% used [0x26550000, 0x294d89f8, 0x294d8a00, 0x2aa90000)
 Metaspace       used 43062K, capacity 44295K, committed 44416K, reserved 44416K
Event: 158.604 GC heap after
Heap after GC invocations=84 (full 4):
 def new generation   total 32000K, used 2768K [0x11000000, 0x132b0000, 0x26550000)
  eden space 28480K,   0% used [0x11000000, 0x11000000, 0x12bd0000)
  from space 3520K,  78% used [0x12f40000, 0x131f4270, 0x132b0000)
  to   space 3520K,   0% used [0x12bd0000, 0x12bd0000, 0x12f40000)
 tenured generation   total 70912K, used 52127K [0x26550000, 0x2aa90000, 0x51000000)
   the space 70912K,  73% used [0x26550000, 0x29837ca0, 0x29837e00, 0x2aa90000)
 Metaspace       used 43062K, capacity 44295K, committed 44416K, reserved 44416K
}

